#
# A fatal error has been detected by the Java Runtime Environment:
#
#  EXCEPTION_ACCESS_VIOLATION (0xc0000005) at pc=0x00007ffca45504b3, pid=4136, tid=9424
#
# JRE version:  (11.0.11+9) (build )
# Java VM: OpenJDK 64-Bit Server VM (11.0.11+9, mixed mode, sharing, tiered, compressed oops, parallel gc, windows-amd64)
# Problematic frame:
# V  [jvm.dll+0x1d04b3]
#
# No core dump will be written. Minidumps are not enabled by default on client versions of Windows
#
#

---------------  S U M M A R Y ------------

Command Line: --add-modules=ALL-SYSTEM --add-opens=java.base/java.util=ALL-UNNAMED --add-opens=java.base/java.lang=ALL-UNNAMED -Declipse.application=org.eclipse.jdt.ls.core.id1 -Dosgi.bundles.defaultStartLevel=4 -Declipse.product=org.eclipse.jdt.ls.core.product -Dfile.encoding=utf8 -DwatchParentProcess=false -XX:+UseParallelGC -XX:GCTimeRatio=4 -XX:AdaptiveSizePolicyWeight=90 -Dsun.zip.disableMemoryMapping=true -Xmx1G -Xms100m -Xverify:none c:\Users\kelvi\.vscode\extensions\redhat.java-0.80.0\server\plugins\org.eclipse.equinox.launcher_1.6.200.v20210416-2027.jar -configuration c:\Users\kelvi\AppData\Roaming\Code\User\globalStorage\redhat.java\0.80.0\config_win -data c:\Users\kelvi\AppData\Roaming\Code\User\workspaceStorage\18d3aa02ec39632dd901a1dd8ad385cc\redhat.java\jdt_ws

Host: Intel(R) Core(TM) i7-7700HQ CPU @ 2.80GHz, 8 cores, 15G,  Windows 10 , 64 bit Build 19041 (10.0.19041.1023)
Time: Sat Jul  3 19:15:56 2021 Hora Padrão de Buenos Aires elapsed time: 0.027099 seconds (0d 0h 0m 0s)

---------------  T H R E A D  ---------------

Current thread (0x000002dd1cd3f800):  JavaThread "Unknown thread" [_thread_in_vm, id=9424, stack(0x000000f3e3a00000,0x000000f3e3b00000)]

Stack: [0x000000f3e3a00000,0x000000f3e3b00000],  sp=0x000000f3e3aff030,  free space=1020k
Native frames: (J=compiled Java code, j=interpreted, Vv=VM code, C=native code)
V  [jvm.dll+0x1d04b3]
V  [jvm.dll+0x1ce583]
V  [jvm.dll+0x3525cb]
V  [jvm.dll+0x73e660]
V  [jvm.dll+0x3b9ddf]
V  [jvm.dll+0x3bc2e1]
C  [jli.dll+0x520b]
C  [ucrtbase.dll+0x21bb2]
C  [KERNEL32.DLL+0x17034]
C  [ntdll.dll+0x52651]


siginfo: EXCEPTION_ACCESS_VIOLATION (0xc0000005), reading address 0x0000000000000000


Registers:
RAX=0x00006900eb2a3c8d, RBX=0x0000000000000000, RCX=0x0000000000000000, RDX=0x0000000000000000
RSP=0x000000f3e3aff030, RBP=0x0000000000000000, RSI=0x000002dd1cd3f800, RDI=0x0000000000000000
R8 =0x0000000000000000, R9 =0x0000000000000000, R10=0x0000000000000000, R11=0x000000f3e3afede0
R12=0x0000000000000000, R13=0x00007ffca4923030, R14=0x000002dd1aa74be8, R15=0x000000f3e3affd78
RIP=0x00007ffca45504b3, EFLAGS=0x0000000000010256

Top of Stack: (sp=0x000000f3e3aff030)
0x000000f3e3aff030:   000002dd1aa812c0 00007ffca4642298
0x000000f3e3aff040:   000000f3e3affd78 0000000000000400
0x000000f3e3aff050:   0000000000000000 000002dd1cd3f800
0x000000f3e3aff060:   000035d692fd90c5 00007ffca4923030
0x000000f3e3aff070:   000000f3e3aff150 000000f3e3affd78
0x000000f3e3aff080:   000002dd1aa74be8 00007ffca4923030
0x000000f3e3aff090:   0000000000000000 00007ffcefe80000
0x000000f3e3aff0a0:   00007ffca4be7c78 0000000000000000
0x000000f3e3aff0b0:   00007ffca454e42a 00007ffd0a7553dc
0x000000f3e3aff0c0:   000000f3e3aff150 0000000000000001
0x000000f3e3aff0d0:   00006900eb2a3c8d 000002dd1aa74be8
0x000000f3e3aff0e0:   00007ffc00000000 00007ffca4923030
0x000000f3e3aff0f0:   000002dd1cd3f800 000000f3e3aff210
0x000000f3e3aff100:   0000000000000000 00007ffca454e583
0x000000f3e3aff110:   00007ffcefe60000 00007ffcefe8cfc0
0x000000f3e3aff120:   000000f3e3aff210 000002dd1cd3f800 

Instructions: (pc=0x00007ffca45504b3)
0x00007ffca45503b3:   f0 ff 15 e6 24 5e 00 48 8b cb 41 b1 01 48 2b 8c
0x00007ffca45503c3:   24 90 00 00 00 45 33 c0 33 d2 c6 04 31 00 48 8b
0x00007ffca45503d3:   ce e8 a7 0b 00 00 42 80 3c 33 3b 4a 8d 3c 33 75
0x00007ffca45503e3:   1c 0f 1f 40 00 0f 1f 84 00 00 00 00 00 48 ff c3
0x00007ffca45503f3:   ff c5 42 80 3c 33 3b 4a 8d 3c 33 74 f0 49 83 3c
0x00007ffca4550403:   24 00 74 18 48 8b 94 24 98 00 00 00 49 8b cf e8
0x00007ffca4550413:   19 ec ee ff 49 8b cc e8 81 eb ee ff 48 8b 44 24
0x00007ffca4550423:   20 48 8d 4c 24 30 49 89 47 18 48 8b 44 24 28 49
0x00007ffca4550433:   89 47 20 4d 89 67 10 e8 51 28 0f 00 44 8b ed 48
0x00007ffca4550443:   89 9c 24 90 00 00 00 48 3b 5c 24 38 0f 8c cd fe
0x00007ffca4550453:   ff ff 4c 8b 7c 24 40 4c 8b 64 24 48 48 8b 7c 24
0x00007ffca4550463:   50 48 8b 74 24 58 48 8b 9c 24 80 00 00 00 48 83
0x00007ffca4550473:   c4 60 41 5e 41 5d 5d c3 cc cc cc cc cc 40 53 55
0x00007ffca4550483:   56 41 55 48 81 ec b8 00 00 00 48 8b 05 e4 27 87
0x00007ffca4550493:   00 48 33 c4 48 89 84 24 a0 00 00 00 48 8b e9 48
0x00007ffca45504a3:   c7 c3 ff ff ff ff 0f 1f 80 00 00 00 00 48 ff c3
0x00007ffca45504b3:   80 3c 0b 00 75 f7 33 f6 c6 44 24 30 01 40 38 35
0x00007ffca45504c3:   c9 50 8a 00 74 17 40 38 35 64 b7 89 00 75 0e 33
0x00007ffca45504d3:   d2 48 8d 0d c5 75 69 00 e8 60 ca 19 00 45 33 ed
0x00007ffca45504e3:   85 db 0f 8e 11 02 00 00 48 89 bc 24 e8 00 00 00
0x00007ffca45504f3:   48 8b fd 4c 89 a4 24 f0 00 00 00 48 63 c3 33 db
0x00007ffca4550503:   4c 89 b4 24 f8 00 00 00 4c 89 bc 24 b0 00 00 00
0x00007ffca4550513:   48 89 44 24 68 48 89 74 24 40 0f 1f 00 0f b6 07
0x00007ffca4550523:   84 c0 74 12 3c 3b 74 0e 0f b6 44 2b 01 48 ff c3
0x00007ffca4550533:   ff c6 84 c0 75 ee 48 8d 54 24 38 48 c7 44 24 38
0x00007ffca4550543:   00 00 00 00 48 8d 4c 24 60 e8 bf 26 0f 00 48 8b
0x00007ffca4550553:   44 24 38 33 d2 4c 8b b0 78 02 00 00 49 8b 46 18
0x00007ffca4550563:   4d 8b 66 10 48 89 44 24 50 49 8b 46 20 48 89 44
0x00007ffca4550573:   24 58 49 8b 46 28 48 89 44 24 48 8b c6 41 2b c5
0x00007ffca4550583:   48 63 f8 48 8d 4f 01 e8 b1 4b 48 00 49 63 d5 4c
0x00007ffca4550593:   8b c7 48 03 d5 48 8b c8 4c 8b f8 ff 15 fc 22 5e
0x00007ffca45505a3:   00 48 8b cb 48 2b 4c 24 40 80 7c 24 30 00 42 c6 



---------------  P R O C E S S  ---------------

Threads class SMR info:
_java_thread_list=0x000002dd1aa74ba0, length=0, elements={
}

Java Threads: ( => current thread )

Other Threads:

=>0x000002dd1cd3f800 (exited) JavaThread "Unknown thread" [_thread_in_vm, id=9424, stack(0x000000f3e3a00000,0x000000f3e3b00000)]

Threads with active compile tasks:

VM state:not at safepoint (not fully initialized)

VM Mutex/Monitor currently owned by a thread: None


[error occurred during error reporting (printing compressed oops mode), id 0xc0000005, EXCEPTION_ACCESS_VIOLATION (0xc0000005) at pc=0x00007ffca4adc347]

Deoptimization events (0 events):
No events

Classes redefined (0 events):
No events

Internal exceptions (0 events):
No events

Events (1 events):
Event: 0.012 Loaded shared library C:\Program Files\AdoptOpenJDK\jdk-11.0.11.9-hotspot\bin\zip.dll


Dynamic libraries:
0x00007ff704b60000 - 0x00007ff704b6d000 	C:\Program Files\AdoptOpenJDK\jdk-11.0.11.9-hotspot\bin\java.exe
0x00007ffd0cb70000 - 0x00007ffd0cd65000 	C:\WINDOWS\SYSTEM32\ntdll.dll
0x00007ffd0bba0000 - 0x00007ffd0bc5d000 	C:\WINDOWS\System32\KERNEL32.DLL
0x00007ffd0a750000 - 0x00007ffd0aa18000 	C:\WINDOWS\System32\KERNELBASE.dll
0x00007ffd0a380000 - 0x00007ffd0a480000 	C:\WINDOWS\System32\ucrtbase.dll
0x00007ffcfeae0000 - 0x00007ffcfeaf7000 	C:\Program Files\AdoptOpenJDK\jdk-11.0.11.9-hotspot\bin\jli.dll
0x00007ffcf9870000 - 0x00007ffcf9885000 	C:\Program Files\AdoptOpenJDK\jdk-11.0.11.9-hotspot\bin\VCRUNTIME140.dll
0x00007ffd0c860000 - 0x00007ffd0ca00000 	C:\WINDOWS\System32\USER32.dll
0x00007ffcee680000 - 0x00007ffcee91a000 	C:\WINDOWS\WinSxS\amd64_microsoft.windows.common-controls_6595b64144ccf1df_6.0.19041.1052_none_60b8f8fd71f5e8cb\COMCTL32.dll
0x00007ffd0a350000 - 0x00007ffd0a372000 	C:\WINDOWS\System32\win32u.dll
0x00007ffd0ac90000 - 0x00007ffd0ad2e000 	C:\WINDOWS\System32\msvcrt.dll
0x00007ffd0b450000 - 0x00007ffd0b47a000 	C:\WINDOWS\System32\GDI32.dll
0x00007ffd0a640000 - 0x00007ffd0a74b000 	C:\WINDOWS\System32\gdi32full.dll
0x00007ffd0a2b0000 - 0x00007ffd0a34d000 	C:\WINDOWS\System32\msvcp_win.dll
0x00007ffd0bf10000 - 0x00007ffd0bf40000 	C:\WINDOWS\System32\IMM32.DLL
0x00007ffcc9a10000 - 0x00007ffcc9aab000 	C:\Program Files\AdoptOpenJDK\jdk-11.0.11.9-hotspot\bin\msvcp140.dll
0x00007ffca4380000 - 0x00007ffca4ecb000 	C:\Program Files\AdoptOpenJDK\jdk-11.0.11.9-hotspot\bin\server\jvm.dll
0x00007ffd0b580000 - 0x00007ffd0b62c000 	C:\WINDOWS\System32\ADVAPI32.dll
0x00007ffd0ad30000 - 0x00007ffd0adcb000 	C:\WINDOWS\System32\sechost.dll
0x00007ffd0bc60000 - 0x00007ffd0bd8b000 	C:\WINDOWS\System32\RPCRT4.dll
0x00007ffd0b490000 - 0x00007ffd0b498000 	C:\WINDOWS\System32\PSAPI.DLL
0x00007ffd01020000 - 0x00007ffd01029000 	C:\WINDOWS\SYSTEM32\WSOCK32.dll
0x00007ffcfab50000 - 0x00007ffcfab77000 	C:\WINDOWS\SYSTEM32\WINMM.dll
0x00007ffcfed30000 - 0x00007ffcfed3a000 	C:\WINDOWS\SYSTEM32\VERSION.dll
0x00007ffd0b990000 - 0x00007ffd0b9fb000 	C:\WINDOWS\System32\WS2_32.dll
0x00007ffd08bb0000 - 0x00007ffd08bc2000 	C:\WINDOWS\SYSTEM32\kernel.appcore.dll
0x00007ffcfacc0000 - 0x00007ffcfacd0000 	C:\Program Files\AdoptOpenJDK\jdk-11.0.11.9-hotspot\bin\verify.dll
0x00007ffd07ca0000 - 0x00007ffd07e84000 	C:\WINDOWS\SYSTEM32\DBGHELP.DLL
0x00007ffcecf40000 - 0x00007ffcecf6c000 	C:\WINDOWS\SYSTEM32\dbgcore.DLL
0x00007ffd0ab50000 - 0x00007ffd0abd3000 	C:\WINDOWS\System32\bcryptPrimitives.dll
0x00007ffcefe80000 - 0x00007ffcefea8000 	C:\Program Files\AdoptOpenJDK\jdk-11.0.11.9-hotspot\bin\java.dll
0x00007ffcfac70000 - 0x00007ffcfac7a000 	C:\Program Files\AdoptOpenJDK\jdk-11.0.11.9-hotspot\bin\jimage.dll
0x00007ffcefe60000 - 0x00007ffcefe77000 	C:\Program Files\AdoptOpenJDK\jdk-11.0.11.9-hotspot\bin\zip.dll

dbghelp: loaded successfully - version: 4.0.5 - missing functions: none
symbol engine: initialized successfully - sym options: 0x614 - pdb path: .;C:\Program Files\AdoptOpenJDK\jdk-11.0.11.9-hotspot\bin;C:\WINDOWS\SYSTEM32;C:\WINDOWS\WinSxS\amd64_microsoft.windows.common-controls_6595b64144ccf1df_6.0.19041.1052_none_60b8f8fd71f5e8cb;C:\Program Files\AdoptOpenJDK\jdk-11.0.11.9-hotspot\bin\server

VM Arguments:
jvm_args: --add-modules=ALL-SYSTEM --add-opens=java.base/java.util=ALL-UNNAMED --add-opens=java.base/java.lang=ALL-UNNAMED -Declipse.application=org.eclipse.jdt.ls.core.id1 -Dosgi.bundles.defaultStartLevel=4 -Declipse.product=org.eclipse.jdt.ls.core.product -Dfile.encoding=utf8 -DwatchParentProcess=false -XX:+UseParallelGC -XX:GCTimeRatio=4 -XX:AdaptiveSizePolicyWeight=90 -Dsun.zip.disableMemoryMapping=true -Xmx1G -Xms100m -Xverify:none 
java_command: c:\Users\kelvi\.vscode\extensions\redhat.java-0.80.0\server\plugins\org.eclipse.equinox.launcher_1.6.200.v20210416-2027.jar -configuration c:\Users\kelvi\AppData\Roaming\Code\User\globalStorage\redhat.java\0.80.0\config_win -data c:\Users\kelvi\AppData\Roaming\Code\User\workspaceStorage\18d3aa02ec39632dd901a1dd8ad385cc\redhat.java\jdt_ws
java_class_path (initial): c:\Users\kelvi\.vscode\extensions\redhat.java-0.80.0\server\plugins\org.eclipse.equinox.launcher_1.6.200.v20210416-2027.jar
Launcher Type: SUN_STANDARD

[Global flags]
    uintx AdaptiveSizePolicyWeight                 = 90                                        {product} {command line}
     bool BytecodeVerificationLocal                = false                                     {product} {command line}
     bool BytecodeVerificationRemote               = false                                     {product} {command line}
    uintx GCTimeRatio                              = 4                                         {product} {command line}
   size_t InitialHeapSize                          = 104857600                                 {product} {command line}
   size_t MaxHeapSize                              = 1073741824                                {product} {command line}
    uintx ReservedCodeCacheSize                    = 251658240                              {pd product} {ergonomic}
     bool SegmentedCodeCache                       = true                                      {product} {ergonomic}
     bool UseCompressedClassPointers               = true                                 {lp64_product} {ergonomic}
     bool UseCompressedOops                        = true                                 {lp64_product} {ergonomic}
     bool UseLargePagesIndividualAllocation        = false                                  {pd product} {ergonomic}
     bool UseParallelGC                            = true                                      {product} {command line}

Logging:
Log output configuration:
 #0: stdout all=warning uptime,level,tags
 #1: stderr all=off uptime,level,tags

Environment Variables:
JAVA_HOME=C:\Program Files\Java\jdk1.8.0_291
PATH=C:\Program Files\AdoptOpenJDK\jdk-11.0.11.9-hotspot\bin;C:\Program Files\AdoptOpenJDK\jdk-8.0.292.10-hotspot\bin;C:\Program Files\Haskell\bin;C:\Program Files\Haskell Platform\8.6.5\lib\extralibs\bin;C:\Program Files\Haskell Platform\8.6.5\bin;C:\Program Files (x86)\Intel\iCLS Client\;C:\Program Files\Intel\iCLS Client\;C:\Windows\system32;C:\Windows;C:\Windows\System32\Wbem;C:\Windows\System32\WindowsPowerShell\v1.0\;C:\Program Files (x86)\Intel\Intel(R) Management Engine Components\DAL;C:\Program Files\Intel\Intel(R) Management Engine Components\DAL;C:\Program Files (x86)\Intel\Intel(R) Management Engine Components\IPT;C:\Program Files\Intel\Intel(R) Management Engine Components\IPT;C:\Program Files (x86)\NVIDIA Corporation\PhysX\Common;C:\Program Files\Intel\WiFi\bin\;C:\Program Files\Common Files\Intel\WirelessCommon\;C:\WINDOWS\system32;C:\WINDOWS;C:\WINDOWS\System32\Wbem;C:\WINDOWS\System32\WindowsPowerShell\v1.0\;C:\WINDOWS\System32\OpenSSH\;C:\Program Files\Git\cmd;C:\Program Files\nodejs\;C:\Program Files\NVIDIA Corporation\NVIDIA NvDLISR;C:\Program Files\Haskell Platform\8.6.5\mingw\bin;C:\WINDOWS\system32;C:\WINDOWS;C:\WINDOWS\System32\Wbem;C:\WINDOWS\System32\WindowsPowerShell\v1.0\;C:\WINDOWS\System32\OpenSSH\;C:\Program Files\PuTTY\;C:\ProgramData\chocolatey\bin;C:\Program Files\dotnet\;C:\Program Files\Microsoft SQL Server\130\Tools\Binn\;C:\Users\kelvi\Documents\Devflix\Tools\apache-maven-3.6.3\bin;C:\Users\kelvi\Documents\Devflix\Tools\spring-2.4.2\bin;C:\Program Files\Java\jdk1.8.0_291\bin;C:\Program Files\PostgreSQL\12\bin;C:\Users\kelvi\AppData\Roaming\cabal\bin;C:\Users\kelvi\AppData\Roaming\local\bin;C:\Users\kelvi\AppData\Local\Android\Sdk\platform-tools;C:\Users\kelvi\AppData\Local\Android\Sdk\tools;C:\Gradle\gradle-5.4.1\bin;C:\Users\kelvi\AppData\Local\Microsoft\WindowsApps;C:\Users\kelvi\AppData\Local\Programs\Microsoft VS Code\bin;C:\Program Files\JetBrains\PyCharm 2019.3.1\bin;C:\Users\kelvi\AppData\Roaming\npm;C:\Users\kelvi\AppData\L
USERNAME=kelvi
OS=Windows_NT
PROCESSOR_IDENTIFIER=Intel64 Family 6 Model 158 Stepping 9, GenuineIntel



---------------  S Y S T E M  ---------------

OS: Windows 10 , 64 bit Build 19041 (10.0.19041.1023)
OS uptime: 10 days 9:49 hours

CPU:total 8 (initial active 8) 

Memory: 4k page, system-wide physical 16267M (5489M free)
TotalPageFile size 22073M (AvailPageFile size 8962M)
current process WorkingSet (physical memory assigned to process): 8M, peak: 8M
current process commit charge ("private bytes"): 3M, peak: 3M

vm_info: OpenJDK 64-Bit Server VM (11.0.11+9) for windows-amd64 JRE (11.0.11+9), built on Apr 20 2021 21:22:09 by "" with MS VC++ 15.9 (VS2017)

END.
